<?xml version="1.0" encoding="UTF-8" ?>
<testsuite tests="9" failures="0" name="MavenTest.jenkinsTips.AppTest" time="0.005" errors="0" skipped="0">
  <properties>
    <property name="java.runtime.name" value="OpenJDK Runtime Environment"/>
    <property name="sun.boot.library.path" value="C:\Program Files\AdoptOpenJDK\jdk8u202-b08\jre\bin"/>
    <property name="java.vm.version" value="25.202-b08"/>
    <property name="java.vm.vendor" value="Oracle Corporation"/>
    <property name="maven.multiModuleProjectDirectory" value="C:\Users\Juanpa\Documents\mavenTest"/>
    <property name="java.vendor.url" value="https://adoptopenjdk.net/"/>
    <property name="path.separator" value=";"/>
    <property name="guice.disable.misplaced.annotation.check" value="true"/>
    <property name="java.vm.name" value="OpenJDK 64-Bit Server VM"/>
    <property name="file.encoding.pkg" value="sun.io"/>
    <property name="user.script" value=""/>
    <property name="user.country" value="US"/>
    <property name="sun.java.launcher" value="SUN_STANDARD"/>
    <property name="sun.os.patch.level" value=""/>
    <property name="java.vm.specification.name" value="Java Virtual Machine Specification"/>
    <property name="user.dir" value="C:\Users\Juanpa\Documents\mavenTest"/>
    <property name="java.runtime.version" value="1.8.0_202-b08"/>
    <property name="java.awt.graphicsenv" value="sun.awt.Win32GraphicsEnvironment"/>
    <property name="java.endorsed.dirs" value="C:\Program Files\AdoptOpenJDK\jdk8u202-b08\jre\lib\endorsed"/>
    <property name="os.arch" value="amd64"/>
    <property name="java.io.tmpdir" value="C:\Users\Juanpa\AppData\Local\Temp\"/>
    <property name="line.separator" value="
"/>
    <property name="java.vm.specification.vendor" value="Oracle Corporation"/>
    <property name="user.variant" value=""/>
    <property name="os.name" value="Windows 10"/>
    <property name="classworlds.conf" value="C:\Program Files\apache-maven-3.6.0\bin\..\bin\m2.conf"/>
    <property name="sun.jnu.encoding" value="Cp1252"/>
    <property name="java.library.path" value="C:\Program Files\AdoptOpenJDK\jdk8u202-b08\bin;C:\WINDOWS\Sun\Java\bin;C:\WINDOWS\system32;C:\WINDOWS;C:\Program Files\Docker\Docker\Resources\bin;C:\Program Files\AdoptOpenJDK\jdk8u202-b08\bin;C:\WINDOWS\system32;C:\WINDOWS;C:\WINDOWS\System32\Wbem;C:\WINDOWS\System32\WindowsPowerShell\v1.0\;C:\Program Files\PuTTY\;C:\Program Files\Microsoft VS Code\bin;C:\WINDOWS\System32\OpenSSH\;C:\Program Files(x86)\SmartBear\SoapUI-5.5.0\bin;C:\Users\Juanpa\AppData\Local\Microsoft\WindowsApps;C:\Users\Juanpa\AppData\Local\Programs\Fiddler;C:\Users\Juanpa\AppData\Local\Programs\Git\cmd;C:\Program Files\apache-maven-3.6.0\bin;;C:\Users\Juanpa\AppData\Local\Microsoft\WindowsApps;."/>
    <property name="maven.conf" value="C:\Program Files\apache-maven-3.6.0\bin\../conf"/>
    <property name="java.specification.name" value="Java Platform API Specification"/>
    <property name="java.class.version" value="52.0"/>
    <property name="sun.management.compiler" value="HotSpot 64-Bit Tiered Compilers"/>
    <property name="os.version" value="10.0"/>
    <property name="library.jansi.path" value="C:\Program Files\apache-maven-3.6.0\bin\..\lib\jansi-native"/>
    <property name="user.home" value="C:\Users\Juanpa"/>
    <property name="user.timezone" value="America/Montevideo"/>
    <property name="java.awt.printerjob" value="sun.awt.windows.WPrinterJob"/>
    <property name="java.specification.version" value="1.8"/>
    <property name="file.encoding" value="Cp1252"/>
    <property name="user.name" value="Juanpa"/>
    <property name="java.class.path" value="C:\Program Files\apache-maven-3.6.0\bin\..\boot\plexus-classworlds-2.5.2.jar"/>
    <property name="java.vm.specification.version" value="1.8"/>
    <property name="sun.arch.data.model" value="64"/>
    <property name="java.home" value="C:\Program Files\AdoptOpenJDK\jdk8u202-b08\jre"/>
    <property name="sun.java.command" value="org.codehaus.plexus.classworlds.launcher.Launcher clean test"/>
    <property name="java.specification.vendor" value="Oracle Corporation"/>
    <property name="user.language" value="en"/>
    <property name="awt.toolkit" value="sun.awt.windows.WToolkit"/>
    <property name="java.vm.info" value="mixed mode"/>
    <property name="java.version" value="1.8.0_202"/>
    <property name="java.ext.dirs" value="C:\Program Files\AdoptOpenJDK\jdk8u202-b08\jre\lib\ext;C:\WINDOWS\Sun\Java\lib\ext"/>
    <property name="sun.boot.class.path" value="C:\Program Files\AdoptOpenJDK\jdk8u202-b08\jre\lib\resources.jar;C:\Program Files\AdoptOpenJDK\jdk8u202-b08\jre\lib\rt.jar;C:\Program Files\AdoptOpenJDK\jdk8u202-b08\jre\lib\sunrsasign.jar;C:\Program Files\AdoptOpenJDK\jdk8u202-b08\jre\lib\jsse.jar;C:\Program Files\AdoptOpenJDK\jdk8u202-b08\jre\lib\jce.jar;C:\Program Files\AdoptOpenJDK\jdk8u202-b08\jre\lib\charsets.jar;C:\Program Files\AdoptOpenJDK\jdk8u202-b08\jre\lib\jfr.jar;C:\Program Files\AdoptOpenJDK\jdk8u202-b08\jre\classes"/>
    <property name="sun.stderr.encoding" value="cp850"/>
    <property name="java.vendor" value="AdoptOpenJdk"/>
    <property name="maven.home" value="C:\Program Files\apache-maven-3.6.0\bin\.."/>
    <property name="file.separator" value="\"/>
    <property name="java.vendor.url.bug" value="https://github.com/AdoptOpenJDK/openjdk-build/issues"/>
    <property name="sun.cpu.endian" value="little"/>
    <property name="sun.io.unicode.encoding" value="UnicodeLittle"/>
    <property name="sun.stdout.encoding" value="cp850"/>
    <property name="sun.desktop" value="windows"/>
    <property name="sun.cpu.isalist" value="amd64"/>
  </properties>
  <testcase classname="MavenTest.jenkinsTips.AppTest" name="equalsTest18" time="0.004"/>
  <testcase classname="MavenTest.jenkinsTips.AppTest" name="equalsTest28" time="0"/>
  <testcase classname="MavenTest.jenkinsTips.AppTest" name="equalsTest1" time="0"/>
  <testcase classname="MavenTest.jenkinsTips.AppTest" name="equalsTest2" time="0"/>
  <testcase classname="MavenTest.jenkinsTips.AppTest" name="equalsTest3" time="0"/>
  <testcase classname="MavenTest.jenkinsTips.AppTest" name="equalsTest4" time="0.001"/>
  <testcase classname="MavenTest.jenkinsTips.AppTest" name="equalsTest5" time="0"/>
  <testcase classname="MavenTest.jenkinsTips.AppTest" name="equalsTest6" time="0"/>
  <testcase classname="MavenTest.jenkinsTips.AppTest" name="equalsTest8" time="0"/>
</testsuite>